00:59:00.882 [main] INFO  Utility.BrowserUtility -  that I can open https://www.verivox.de in Chrome method is passed 
00:59:01.937 [main] INFO  Utility.BrowserUtility -  i_navigate_to_the_DSL_calculator_page method is passed 
00:59:02.255 [main] INFO  Utility.BrowserUtility -  i_enter_for_my_area_code method is passed 
00:59:02.333 [main] INFO  Utility.BrowserUtility -  i_select_the_Mbit_s_bandwidth_option method is passed 
00:59:06.552 [main] INFO  Utility.BrowserUtility -  i_click_the_Jetzt_vergleichen_button method is passed 
00:59:10.019 [main] INFO  Utility.BrowserUtility - Internet speed displayed is more than 100 Mbit/s:- true
00:59:10.019 [main] INFO  Utility.BrowserUtility -  i_should_see_a_page_that_lists_the_available_tariffs_for_my_selection method is passed 
00:59:10.048 [main] INFO  Utility.BrowserUtility - Total number of available tariffs listed in the Ermittelte Tarife section are:- 70
00:59:10.048 [main] INFO  Utility.BrowserUtility -  i_should_see_the_total_number_of_available_tariffs_listed_in_the_Ermittelte_Tarife_section method is passed 
00:59:10.101 [main] INFO  Utility.BrowserUtility -  i_scroll_to_the_end_of_the_Result_List_page method is passed 
00:59:10.102 [main] INFO  Utility.BrowserUtility - Total number of available tariffs remianing in the Ermittelte Tarife section are:- 50
00:59:10.102 [main] INFO  Utility.BrowserUtility -  i_should_see_only_the_first_tariffs_displayed method is passed 
00:59:10.187 [main] INFO  Utility.BrowserUtility -  i_click_on_the_button_labeled_weitere_Tarife_laden method is passed 
00:59:12.386 [main] INFO  Utility.BrowserUtility - Number of tariffs displayed in the current page for Ermittelte Tarife section are:- 40
00:59:12.465 [main] INFO  Utility.BrowserUtility -  i_should_see_the_next_tariffs_displayed method is passed 
00:59:15.267 [main] INFO  Utility.BrowserUtility - Total number of available tariffs remianing in the Ermittelte Tarife section are:- 10
00:59:15.518 [main] INFO  Utility.BrowserUtility - Final weitere Tarife laden button displays the expected number of tariffs remaining
00:59:17.679 [main] INFO  Utility.BrowserUtility - Total number of available tariffs remianing in the Ermittelte Tarife section are:- 0
00:59:17.711 [main] INFO  Utility.BrowserUtility - The total number of tariffs displayed matches the total listed in the Ermittelte Tarife section
00:59:27.772 [main] INFO  Utility.BrowserUtility - Weitere Tarife laden button is no longer displayed when all the tariffs are visible 
00:59:27.772 [main] INFO  Utility.BrowserUtility -  i_can_continue_to_load_any_additional_tariffs_until_all_tariffs_have_been_displayed method is passed 
00:59:28.909 [main] INFO  Utility.BrowserUtility -  i_click_on_any_Zum_Angebot_button_to_select_a_tariff_offer method is passed 
00:59:29.940 [main] INFO  Utility.BrowserUtility - Current Window State       : complete
00:59:29.968 [main] INFO  Utility.BrowserUtility - Current Window State       : complete
00:59:29.995 [main] INFO  Utility.BrowserUtility - Current Window State       : complete
00:59:30.025 [main] INFO  Utility.BrowserUtility - Current Window State       : complete
00:59:30.054 [main] INFO  Utility.BrowserUtility - Current Window State       : complete
00:59:30.083 [main] INFO  Utility.BrowserUtility - Current Window State       : complete
00:59:30.243 [main] INFO  Utility.BrowserUtility - Current Window State       : complete
00:59:30.990 [main] INFO  Utility.BrowserUtility -  i_should_see_the_corresponding_offer_page_for_the_selected_tariff method is passed 
00:59:32.029 [main] INFO  Utility.BrowserUtility -  All Test cases passed and the browser is closed 
01:14:00.949 [main] INFO  Utility.BrowserUtility -  that I can open https://www.verivox.de in Chrome method is passed 
01:14:02.156 [main] INFO  Utility.BrowserUtility -  i_navigate_to_the_DSL_calculator_page method is passed 
01:14:02.465 [main] INFO  Utility.BrowserUtility -  i_enter_for_my_area_code method is passed 
01:14:02.660 [main] INFO  Utility.BrowserUtility -  i_select_the_Mbit_s_bandwidth_option method is passed 
01:14:07.821 [main] INFO  Utility.BrowserUtility -  i_click_the_Jetzt_vergleichen_button method is passed 
01:14:09.170 [main] INFO  Utility.BrowserUtility - Internet speed displayed is more than 100 Mbit/s:- true
01:14:09.170 [main] INFO  Utility.BrowserUtility -  i_should_see_a_page_that_lists_the_available_tariffs_for_my_selection method is passed 
01:14:09.202 [main] INFO  Utility.BrowserUtility - Total number of available tariffs listed in the Ermittelte Tarife section are:- 70
01:14:09.203 [main] INFO  Utility.BrowserUtility -  i_should_see_the_total_number_of_available_tariffs_listed_in_the_Ermittelte_Tarife_section method is passed 
01:14:09.270 [main] INFO  Utility.BrowserUtility -  i_scroll_to_the_end_of_the_Result_List_page method is passed 
01:14:09.271 [main] INFO  Utility.BrowserUtility - Total number of available tariffs remianing in the Ermittelte Tarife section are:- 50
